11-07-2021 14:45:25.739 [Gauge] [INFO] Watching directory: C:\Users\testinium\IdeaProjects\Example\ExampleProject\TurkishAirlinesMobileAppTest\RestAssuredWithGaugeAPITest\specs
11-07-2021 14:45:25.740 [Gauge] [INFO] Initializing concepts cache with 0 concepts
11-07-2021 14:45:25.740 [Gauge] [DEBUG] Found 1 files
11-07-2021 14:45:25.746 [Gauge] [INFO] Spec file added / modified: C:\Users\testinium\IdeaProjects\Example\ExampleProject\TurkishAirlinesMobileAppTest\RestAssuredWithGaugeAPITest\specs\example.spec
12-07-2021 01:21:41.126 [Gauge] [INFO] Watching directory: C:\Users\testinium\IdeaProjects\Example\ExampleProject\TurkishAirlinesMobileAppTest\RestAssuredWithGaugeAPITest\specs
12-07-2021 01:21:41.127 [Gauge] [DEBUG] Found 1 files
12-07-2021 01:21:41.127 [Gauge] [INFO] Initializing concepts cache with 0 concepts
12-07-2021 01:21:41.128 [Gauge] [INFO] Spec file added / modified: C:\Users\testinium\IdeaProjects\Example\ExampleProject\TurkishAirlinesMobileAppTest\RestAssuredWithGaugeAPITest\specs\example.spec
12-07-2021 01:21:41.128 [Gauge] [INFO] Initializing specs cache with 1 specs
12-07-2021 01:21:41.128 [Gauge] [DEBUG] Adding specs from C:\Users\testinium\IdeaProjects\Example\ExampleProject\TurkishAirlinesMobileAppTest\RestAssuredWithGaugeAPITest\specs\example.spec
12-07-2021 01:21:41.129 [Gauge] [INFO] Initializing steps cache with 1 steps
12-07-2021 01:21:41.129 [Gauge] [INFO] Gauge daemon initialized and listening on port: 59849
12-07-2021 01:21:41.981 [Gauge] [DEBUG] Api Request Received: messageType:GetStepValueRequest messageId:4 stepValueRequest:<stepText:"<value> de\304\237erinden <text> ismini getir" > 
12-07-2021 01:21:41.989 [Gauge] [DEBUG] Sending API response: messageType:GetStepValueResponse messageId:4 stepValueResponse:<stepValue:<stepValue:"{} de\304\237erinden {} ismini getir" parameterizedStepValue:"<value> de\304\237erinden <text> ismini getir" parameters:"value" parameters:"text" > > 
12-07-2021 01:21:42.023 [Gauge] [DEBUG] Api Request Received: messageType:GetStepValueRequest messageId:4 stepValueRequest:<stepText:"Vowels in English language are \"aeiou\"." > 
12-07-2021 01:21:42.031 [Gauge] [DEBUG] Sending API response: messageType:GetStepValueResponse messageId:4 stepValueResponse:<stepValue:<stepValue:"Vowels in English language are {}." parameterizedStepValue:"Vowels in English language are <aeiou>." parameters:"aeiou" > > 
12-07-2021 01:21:42.031 [Gauge] [DEBUG] Api Request Received: messageType:GetStepValueRequest messageId:4 stepValueRequest:<stepText:"The word \"gauge\" has \"3\" vowels." > 
12-07-2021 01:21:42.031 [Gauge] [DEBUG] Sending API response: messageType:GetStepValueResponse messageId:4 stepValueResponse:<stepValue:<stepValue:"The word {} has {} vowels." parameterizedStepValue:"The word <gauge> has <3> vowels." parameters:"gauge" parameters:"3" > > 
12-07-2021 01:21:42.032 [Gauge] [DEBUG] Api Request Received: messageType:GetStepValueRequest messageId:4 stepValueRequest:<stepText:"Almost all words have vowels" hasInlineTable:true > 
12-07-2021 01:21:42.033 [Gauge] [DEBUG] Sending API response: messageType:GetStepValueResponse messageId:4 stepValueResponse:<stepValue:<stepValue:"Almost all words have vowels {}" parameterizedStepValue:"Almost all words have vowels <table>" parameters:"table" > > 
12-07-2021 02:05:36.212 [Gauge] [INFO] Spec file added / modified: C:\Users\testinium\IdeaProjects\Example\ExampleProject\TurkishAirlinesMobileAppTest\RestAssuredWithGaugeAPITest\specs\example.spec
12-07-2021 02:05:36.234 [Gauge] [INFO] Spec file added / modified: C:\Users\testinium\IdeaProjects\Example\ExampleProject\TurkishAirlinesMobileAppTest\RestAssuredWithGaugeAPITest\specs\example.spec
12-07-2021 09:39:24.627 [Gauge] [DEBUG] Api Request Received: messageType:GetStepValueRequest messageId:4 stepValueRequest:<stepText:"kullan\304\261c\304\261 listesindeki ilk ismi getir <userName>" > 
12-07-2021 09:39:24.635 [Gauge] [DEBUG] Sending API response: messageType:GetStepValueResponse messageId:4 stepValueResponse:<stepValue:<stepValue:"kullan\304\261c\304\261 listesindeki ilk ismi getir {}" parameterizedStepValue:"kullan\304\261c\304\261 listesindeki ilk ismi getir <userName>" parameters:"userName" > > 
12-07-2021 09:43:58.959 [Gauge] [INFO] Spec file added / modified: C:\Users\testinium\IdeaProjects\Example\ExampleProject\TurkishAirlinesMobileAppTest\RestAssuredWithGaugeAPITest\specs\example.spec
12-07-2021 09:43:58.994 [Gauge] [INFO] Spec file added / modified: C:\Users\testinium\IdeaProjects\Example\ExampleProject\TurkishAirlinesMobileAppTest\RestAssuredWithGaugeAPITest\specs\example.spec
12-07-2021 09:43:58.994 [Gauge] [INFO] Spec file added / modified: C:\Users\testinium\IdeaProjects\Example\ExampleProject\TurkishAirlinesMobileAppTest\RestAssuredWithGaugeAPITest\specs\example.spec
12-07-2021 09:44:42.604 [Gauge] [INFO] Spec file added / modified: C:\Users\testinium\IdeaProjects\Example\ExampleProject\TurkishAirlinesMobileAppTest\RestAssuredWithGaugeAPITest\specs\example.spec
12-07-2021 09:44:42.620 [Gauge] [INFO] Spec file added / modified: C:\Users\testinium\IdeaProjects\Example\ExampleProject\TurkishAirlinesMobileAppTest\RestAssuredWithGaugeAPITest\specs\example.spec
12-07-2021 09:44:45.135 [Gauge] [DEBUG] Api Request Received: messageType:GetStepValueRequest messageId:4 stepValueRequest:<stepText:"k" > 
12-07-2021 09:44:45.140 [Gauge] [DEBUG] Sending API response: messageType:GetStepValueResponse messageId:4 stepValueResponse:<stepValue:<stepValue:"k" parameterizedStepValue:"k" > > 
12-07-2021 09:44:45.185 [Gauge] [DEBUG] Api Request Received: messageType:GetAllStepsRequest messageId:2 allStepsRequest:<> 
12-07-2021 09:44:45.193 [Gauge] [DEBUG] Sending API response: messageType:GetAllStepResponse messageId:2 allStepsResponse:<> 
12-07-2021 09:44:45.194 [Gauge] [DEBUG] Api Request Received: messageType:GetAllConceptsRequest messageId:6 allConceptsRequest:<> 
12-07-2021 09:44:45.198 [Gauge] [DEBUG] Sending API response: messageType:GetAllConceptsResponse messageId:6 allConceptsResponse:<> 
12-07-2021 09:44:45.427 [Gauge] [DEBUG] Api Request Received: messageType:GetStepValueRequest messageId:4 stepValueRequest:<stepText:"ku" > 
12-07-2021 09:44:45.435 [Gauge] [DEBUG] Sending API response: messageType:GetStepValueResponse messageId:4 stepValueResponse:<stepValue:<stepValue:"ku" parameterizedStepValue:"ku" > > 
12-07-2021 09:44:46.095 [Gauge] [DEBUG] Api Request Received: messageType:GetStepValueRequest messageId:4 stepValueRequest:<stepText:"kullan\304\261c\304\261 listesindeki ilk ismi getir \"userName\"" > 
12-07-2021 09:44:46.098 [Gauge] [DEBUG] Sending API response: messageType:GetStepValueResponse messageId:4 stepValueResponse:<stepValue:<stepValue:"kullan\304\261c\304\261 listesindeki ilk ismi getir {}" parameterizedStepValue:"kullan\304\261c\304\261 listesindeki ilk ismi getir <userName>" parameters:"userName" > > 
12-07-2021 09:44:50.437 [Gauge] [INFO] Spec file added / modified: C:\Users\testinium\IdeaProjects\Example\ExampleProject\TurkishAirlinesMobileAppTest\RestAssuredWithGaugeAPITest\specs\example.spec
12-07-2021 09:44:50.453 [Gauge] [INFO] Spec file added / modified: C:\Users\testinium\IdeaProjects\Example\ExampleProject\TurkishAirlinesMobileAppTest\RestAssuredWithGaugeAPITest\specs\example.spec
12-07-2021 09:45:01.316 [Gauge] [DEBUG] Api Request Received: messageType:GetStepValueRequest messageId:4 stepValueRequest:<stepText:"kullan\304\261c\304\261 listesindeki ilk ismi getir \"Michael\"" > 
12-07-2021 09:45:01.319 [Gauge] [DEBUG] Sending API response: messageType:GetStepValueResponse messageId:4 stepValueResponse:<stepValue:<stepValue:"kullan\304\261c\304\261 listesindeki ilk ismi getir {}" parameterizedStepValue:"kullan\304\261c\304\261 listesindeki ilk ismi getir <Michael>" parameters:"Michael" > > 
12-07-2021 09:45:06.775 [Gauge] [INFO] Spec file added / modified: C:\Users\testinium\IdeaProjects\Example\ExampleProject\TurkishAirlinesMobileAppTest\RestAssuredWithGaugeAPITest\specs\example.spec
12-07-2021 09:45:06.791 [Gauge] [INFO] Spec file added / modified: C:\Users\testinium\IdeaProjects\Example\ExampleProject\TurkishAirlinesMobileAppTest\RestAssuredWithGaugeAPITest\specs\example.spec
12-07-2021 09:45:08.068 [Gauge] [DEBUG] Api Request Received: messageType:GetStepValueRequest messageId:4 stepValueRequest:<stepText:"r" > 
12-07-2021 09:45:08.074 [Gauge] [DEBUG] Sending API response: messageType:GetStepValueResponse messageId:4 stepValueResponse:<stepValue:<stepValue:"r" parameterizedStepValue:"r" > > 
12-07-2021 09:45:08.082 [Gauge] [DEBUG] Api Request Received: messageType:GetAllStepsRequest messageId:2 allStepsRequest:<> 
12-07-2021 09:45:08.083 [Gauge] [DEBUG] Sending API response: messageType:GetAllStepResponse messageId:2 allStepsResponse:<allSteps:<stepValue:"kullan\304\261c\304\261 listesindeki ilk ismi getir {}" parameterizedStepValue:"kullan\304\261c\304\261 listesindeki ilk ismi getir <Michael>" parameters:"Michael" > > 
12-07-2021 09:45:08.092 [Gauge] [DEBUG] Api Request Received: messageType:GetAllConceptsRequest messageId:6 allConceptsRequest:<> 
12-07-2021 09:45:08.092 [Gauge] [DEBUG] Sending API response: messageType:GetAllConceptsResponse messageId:6 allConceptsResponse:<> 
12-07-2021 09:45:08.194 [Gauge] [DEBUG] Api Request Received: messageType:GetStepValueRequest messageId:4 stepValueRequest:<stepText:"re" > 
12-07-2021 09:45:08.201 [Gauge] [DEBUG] Sending API response: messageType:GetStepValueResponse messageId:4 stepValueResponse:<stepValue:<stepValue:"re" parameterizedStepValue:"re" > > 
12-07-2021 09:45:59.597 [Gauge] [DEBUG] Api Request Received: messageType:GetStepValueRequest messageId:4 stepValueRequest:<stepText:"Cevab <response code>" > 
12-07-2021 09:45:59.604 [Gauge] [DEBUG] Sending API response: messageType:GetStepValueResponse messageId:4 stepValueResponse:<stepValue:<stepValue:"Cevab {}" parameterizedStepValue:"Cevab <response code>" parameters:"response code" > > 
12-07-2021 09:46:02.034 [Gauge] [DEBUG] Api Request Received: messageType:GetStepValueRequest messageId:4 stepValueRequest:<stepText:"Cevab kodu <response code>" > 
12-07-2021 09:46:02.037 [Gauge] [DEBUG] Sending API response: messageType:GetStepValueResponse messageId:4 stepValueResponse:<stepValue:<stepValue:"Cevab kodu {}" parameterizedStepValue:"Cevab kodu <response code>" parameters:"response code" > > 
12-07-2021 09:46:06.818 [Gauge] [DEBUG] Api Request Received: messageType:GetStepValueRequest messageId:4 stepValueRequest:<stepText:"Cevab kodu  <response code>" > 
12-07-2021 09:46:06.820 [Gauge] [DEBUG] Sending API response: messageType:GetStepValueResponse messageId:4 stepValueResponse:<stepValue:<stepValue:"Cevab kodu  {}" parameterizedStepValue:"Cevab kodu  <response code>" parameters:"response code" > > 
12-07-2021 09:46:08.869 [Gauge] [DEBUG] Api Request Received: messageType:GetStepValueRequest messageId:4 stepValueRequest:<stepText:"Cevab kodu olmal\304\261d\304\261 <response code>" > 
12-07-2021 09:46:08.869 [Gauge] [DEBUG] Sending API response: messageType:GetStepValueResponse messageId:4 stepValueResponse:<stepValue:<stepValue:"Cevab kodu olmal\304\261d\304\261 {}" parameterizedStepValue:"Cevab kodu olmal\304\261d\304\261 <response code>" parameters:"response code" > > 
12-07-2021 09:46:09.370 [Gauge] [DEBUG] Api Request Received: messageType:GetStepValueRequest messageId:4 stepValueRequest:<stepText:"Cevab kodu olmal\304\261d\304\261r <response code>" > 
12-07-2021 09:46:09.373 [Gauge] [DEBUG] Sending API response: messageType:GetStepValueResponse messageId:4 stepValueResponse:<stepValue:<stepValue:"Cevab kodu olmal\304\261d\304\261r {}" parameterizedStepValue:"Cevab kodu olmal\304\261d\304\261r <response code>" parameters:"response code" > > 
12-07-2021 09:46:10.711 [Gauge] [DEBUG] Api Request Received: messageType:GetStepValueRequest messageId:4 stepValueRequest:<stepText:"Cevab kodu olmal\304\261 <response code>" > 
12-07-2021 09:46:10.717 [Gauge] [DEBUG] Sending API response: messageType:GetStepValueResponse messageId:4 stepValueResponse:<stepValue:<stepValue:"Cevab kodu olmal\304\261 {}" parameterizedStepValue:"Cevab kodu olmal\304\261 <response code>" parameters:"response code" > > 
12-07-2021 09:46:58.174 [Gauge] [DEBUG] Api Request Received: messageType:GetAllStepsRequest messageId:2 allStepsRequest:<> 
12-07-2021 09:46:58.178 [Gauge] [DEBUG] Sending API response: messageType:GetAllStepResponse messageId:2 allStepsResponse:<allSteps:<stepValue:"kullan\304\261c\304\261 listesindeki ilk ismi getir {}" parameterizedStepValue:"kullan\304\261c\304\261 listesindeki ilk ismi getir <Michael>" parameters:"Michael" > > 
12-07-2021 09:46:58.178 [Gauge] [DEBUG] Api Request Received: messageType:GetAllConceptsRequest messageId:6 allConceptsRequest:<> 
12-07-2021 09:46:58.178 [Gauge] [DEBUG] Sending API response: messageType:GetAllConceptsResponse messageId:6 allConceptsResponse:<> 
12-07-2021 09:46:59.193 [Gauge] [DEBUG] Api Request Received: messageType:GetStepValueRequest messageId:4 stepValueRequest:<stepText:"Cevab kodu olmal\304\261 \"response code\"" > 
12-07-2021 09:46:59.194 [Gauge] [DEBUG] Sending API response: messageType:GetStepValueResponse messageId:4 stepValueResponse:<stepValue:<stepValue:"Cevab kodu olmal\304\261 {}" parameterizedStepValue:"Cevab kodu olmal\304\261 <response code>" parameters:"response code" > > 
12-07-2021 09:47:01.150 [Gauge] [DEBUG] Api Request Received: messageType:GetStepValueRequest messageId:4 stepValueRequest:<stepText:"Cevab kodu olmal\304\261 \"2\"" > 
12-07-2021 09:47:01.150 [Gauge] [DEBUG] Sending API response: messageType:GetStepValueResponse messageId:4 stepValueResponse:<stepValue:<stepValue:"Cevab kodu olmal\304\261 {}" parameterizedStepValue:"Cevab kodu olmal\304\261 <2>" parameters:"2" > > 
12-07-2021 09:47:01.387 [Gauge] [DEBUG] Api Request Received: messageType:GetStepValueRequest messageId:4 stepValueRequest:<stepText:"Cevab kodu olmal\304\261 \"20\"" > 
12-07-2021 09:47:01.387 [Gauge] [DEBUG] Sending API response: messageType:GetStepValueResponse messageId:4 stepValueResponse:<stepValue:<stepValue:"Cevab kodu olmal\304\261 {}" parameterizedStepValue:"Cevab kodu olmal\304\261 <20>" parameters:"20" > > 
12-07-2021 09:47:01.519 [Gauge] [DEBUG] Api Request Received: messageType:GetStepValueRequest messageId:4 stepValueRequest:<stepText:"Cevab kodu olmal\304\261 \"200\"" > 
12-07-2021 09:47:01.519 [Gauge] [DEBUG] Sending API response: messageType:GetStepValueResponse messageId:4 stepValueResponse:<stepValue:<stepValue:"Cevab kodu olmal\304\261 {}" parameterizedStepValue:"Cevab kodu olmal\304\261 <200>" parameters:"200" > > 
12-07-2021 09:48:13.658 [Gauge] [INFO] Spec file added / modified: C:\Users\testinium\IdeaProjects\Example\ExampleProject\TurkishAirlinesMobileAppTest\RestAssuredWithGaugeAPITest\specs\example.spec
12-07-2021 09:48:13.679 [Gauge] [INFO] Spec file added / modified: C:\Users\testinium\IdeaProjects\Example\ExampleProject\TurkishAirlinesMobileAppTest\RestAssuredWithGaugeAPITest\specs\example.spec
12-07-2021 10:17:46.672 [Gauge] [DEBUG] Api Request Received: messageType:GetStepValueRequest messageId:4 stepValueRequest:<stepText:"kullan\304\261c\304\261 listesindeki ilk ismi getir \"michael.lawson@reqres.in\"" > 
12-07-2021 10:17:46.672 [Gauge] [DEBUG] Sending API response: messageType:GetStepValueResponse messageId:4 stepValueResponse:<stepValue:<stepValue:"kullan\304\261c\304\261 listesindeki ilk ismi getir {}" parameterizedStepValue:"kullan\304\261c\304\261 listesindeki ilk ismi getir <michael.lawson@reqres.in>" parameters:"michael.lawson@reqres.in" > > 
12-07-2021 10:17:49.793 [Gauge] [INFO] Spec file added / modified: C:\Users\testinium\IdeaProjects\Example\ExampleProject\TurkishAirlinesMobileAppTest\RestAssuredWithGaugeAPITest\specs\example.spec
12-07-2021 10:17:49.794 [Gauge] [INFO] Spec file added / modified: C:\Users\testinium\IdeaProjects\Example\ExampleProject\TurkishAirlinesMobileAppTest\RestAssuredWithGaugeAPITest\specs\example.spec
12-07-2021 10:35:57.356 [Gauge] [DEBUG] Api Request Received: messageType:GetStepValueRequest messageId:4 stepValueRequest:<stepText:"kullan\304\261c\304\261 listesindeki ilk ismi getir \"michael.@reqres.in\"" > 
12-07-2021 10:35:57.356 [Gauge] [DEBUG] Sending API response: messageType:GetStepValueResponse messageId:4 stepValueResponse:<stepValue:<stepValue:"kullan\304\261c\304\261 listesindeki ilk ismi getir {}" parameterizedStepValue:"kullan\304\261c\304\261 listesindeki ilk ismi getir <michael.@reqres.in>" parameters:"michael.@reqres.in" > > 
12-07-2021 10:36:00.895 [Gauge] [DEBUG] Api Request Received: messageType:GetStepValueRequest messageId:4 stepValueRequest:<stepText:"kullan\304\261c\304\261 listesindeki ilk ismi getir \"\"" > 
12-07-2021 10:36:00.895 [Gauge] [DEBUG] Sending API response: messageType:GetStepValueResponse messageId:4 stepValueResponse:<stepValue:<stepValue:"kullan\304\261c\304\261 listesindeki ilk ismi getir {}" parameterizedStepValue:"kullan\304\261c\304\261 listesindeki ilk ismi getir <>" parameters:"" > > 
12-07-2021 10:36:02.235 [Gauge] [INFO] Spec file added / modified: C:\Users\testinium\IdeaProjects\Example\ExampleProject\TurkishAirlinesMobileAppTest\RestAssuredWithGaugeAPITest\specs\example.spec
12-07-2021 10:36:02.240 [Gauge] [INFO] Spec file added / modified: C:\Users\testinium\IdeaProjects\Example\ExampleProject\TurkishAirlinesMobileAppTest\RestAssuredWithGaugeAPITest\specs\example.spec
12-07-2021 10:36:15.765 [Gauge] [INFO] Spec file added / modified: C:\Users\testinium\IdeaProjects\Example\ExampleProject\TurkishAirlinesMobileAppTest\RestAssuredWithGaugeAPITest\specs\example.spec
12-07-2021 10:36:15.767 [Gauge] [INFO] Spec file added / modified: C:\Users\testinium\IdeaProjects\Example\ExampleProject\TurkishAirlinesMobileAppTest\RestAssuredWithGaugeAPITest\specs\example.spec
12-07-2021 10:38:06.340 [Gauge] [DEBUG] Api Request Received: messageType:GetStepValueRequest messageId:4 stepValueRequest:<stepText:"kullan\304\261c\304\261 listesindeki  ismi getir <userName>" > 
12-07-2021 10:38:06.341 [Gauge] [DEBUG] Sending API response: messageType:GetStepValueResponse messageId:4 stepValueResponse:<stepValue:<stepValue:"kullan\304\261c\304\261 listesindeki  ismi getir {}" parameterizedStepValue:"kullan\304\261c\304\261 listesindeki  ismi getir <userName>" parameters:"userName" > > 
12-07-2021 10:38:07.146 [Gauge] [DEBUG] Api Request Received: messageType:GetStepValueRequest messageId:4 stepValueRequest:<stepText:"kullan\304\261c\304\261 listesindeki ismi getir <userName>" > 
12-07-2021 10:38:07.146 [Gauge] [DEBUG] Sending API response: messageType:GetStepValueResponse messageId:4 stepValueResponse:<stepValue:<stepValue:"kullan\304\261c\304\261 listesindeki ismi getir {}" parameterizedStepValue:"kullan\304\261c\304\261 listesindeki ismi getir <userName>" parameters:"userName" > > 
12-07-2021 10:38:08.869 [Gauge] [DEBUG] Api Request Received: messageType:GetStepValueRequest messageId:4 stepValueRequest:<stepText:"kullan\304\261c\304\261 listesindekiismi getir <userName>" > 
12-07-2021 10:38:08.870 [Gauge] [DEBUG] Sending API response: messageType:GetStepValueResponse messageId:4 stepValueResponse:<stepValue:<stepValue:"kullan\304\261c\304\261 listesindekiismi getir {}" parameterizedStepValue:"kullan\304\261c\304\261 listesindekiismi getir <userName>" parameters:"userName" > > 
12-07-2021 10:38:20.175 [Gauge] [DEBUG] Api Request Received: messageType:GetStepValueRequest messageId:4 stepValueRequest:<stepText:"kullan\304\261c\304\261 listesindeki il ismi getir \"Michael\"" > 
12-07-2021 10:38:20.175 [Gauge] [DEBUG] Sending API response: messageType:GetStepValueResponse messageId:4 stepValueResponse:<stepValue:<stepValue:"kullan\304\261c\304\261 listesindeki il ismi getir {}" parameterizedStepValue:"kullan\304\261c\304\261 listesindeki il ismi getir <Michael>" parameters:"Michael" > > 
12-07-2021 10:38:20.372 [Gauge] [DEBUG] Api Request Received: messageType:GetStepValueRequest messageId:4 stepValueRequest:<stepText:"kullan\304\261c\304\261 listesindeki i ismi getir \"Michael\"" > 
12-07-2021 10:38:20.372 [Gauge] [DEBUG] Sending API response: messageType:GetStepValueResponse messageId:4 stepValueResponse:<stepValue:<stepValue:"kullan\304\261c\304\261 listesindeki i ismi getir {}" parameterizedStepValue:"kullan\304\261c\304\261 listesindeki i ismi getir <Michael>" parameters:"Michael" > > 
12-07-2021 10:38:20.539 [Gauge] [DEBUG] Api Request Received: messageType:GetStepValueRequest messageId:4 stepValueRequest:<stepText:"kullan\304\261c\304\261 listesindeki  ismi getir \"Michael\"" > 
12-07-2021 10:38:20.539 [Gauge] [DEBUG] Sending API response: messageType:GetStepValueResponse messageId:4 stepValueResponse:<stepValue:<stepValue:"kullan\304\261c\304\261 listesindeki  ismi getir {}" parameterizedStepValue:"kullan\304\261c\304\261 listesindeki  ismi getir <Michael>" parameters:"Michael" > > 
12-07-2021 10:38:20.917 [Gauge] [DEBUG] Api Request Received: messageType:GetStepValueRequest messageId:4 stepValueRequest:<stepText:"kullan\304\261c\304\261 listesindeki ismi getir \"Michael\"" > 
12-07-2021 10:38:20.917 [Gauge] [DEBUG] Sending API response: messageType:GetStepValueResponse messageId:4 stepValueResponse:<stepValue:<stepValue:"kullan\304\261c\304\261 listesindeki ismi getir {}" parameterizedStepValue:"kullan\304\261c\304\261 listesindeki ismi getir <Michael>" parameters:"Michael" > > 
12-07-2021 10:38:54.753 [Gauge] [DEBUG] Api Request Received: messageType:GetStepValueRequest messageId:4 stepValueRequest:<stepText:"kullan\304\261c\304\261 listesindeki ismi getir" > 
12-07-2021 10:38:54.753 [Gauge] [DEBUG] Sending API response: messageType:GetStepValueResponse messageId:4 stepValueResponse:<stepValue:<stepValue:"kullan\304\261c\304\261 listesindeki ismi getir" parameterizedStepValue:"kullan\304\261c\304\261 listesindeki ismi getir" > > 
12-07-2021 10:38:56.944 [Gauge] [DEBUG] Api Request Received: messageType:GetStepValueRequest messageId:4 stepValueRequest:<stepText:" kullan\304\261c\304\261 listesindeki ismi getir" > 
12-07-2021 10:38:56.944 [Gauge] [DEBUG] Sending API response: messageType:GetStepValueResponse messageId:4 stepValueResponse:<stepValue:<stepValue:"kullan\304\261c\304\261 listesindeki ismi getir" parameterizedStepValue:"kullan\304\261c\304\261 listesindeki ismi getir" > > 
12-07-2021 10:38:58.066 [Gauge] [DEBUG] Api Request Received: messageType:GetStepValueRequest messageId:4 stepValueRequest:<stepText:" <userName> kullan\304\261c\304\261 listesindeki ismi getir" > 
12-07-2021 10:38:58.067 [Gauge] [DEBUG] Sending API response: messageType:GetStepValueResponse messageId:4 stepValueResponse:<stepValue:<stepValue:"{} kullan\304\261c\304\261 listesindeki ismi getir" parameterizedStepValue:"<userName> kullan\304\261c\304\261 listesindeki ismi getir" parameters:"userName" > > 
12-07-2021 10:39:00.438 [Gauge] [DEBUG] Api Request Received: messageType:GetStepValueRequest messageId:4 stepValueRequest:<stepText:"<userName> kullan\304\261c\304\261 listesindeki ismi getir" > 
12-07-2021 10:39:00.445 [Gauge] [DEBUG] Sending API response: messageType:GetStepValueResponse messageId:4 stepValueResponse:<stepValue:<stepValue:"{} kullan\304\261c\304\261 listesindeki ismi getir" parameterizedStepValue:"<userName> kullan\304\261c\304\261 listesindeki ismi getir" parameters:"userName" > > 
12-07-2021 10:39:09.176 [Gauge] [DEBUG] Api Request Received: messageType:GetStepValueRequest messageId:4 stepValueRequest:<stepText:"Cevab kodu olmal\304\261 " > 
12-07-2021 10:39:09.176 [Gauge] [DEBUG] Sending API response: messageType:GetStepValueResponse messageId:4 stepValueResponse:<stepValue:<stepValue:"Cevab kodu olmal\304\261" parameterizedStepValue:"Cevab kodu olmal\304\261" > > 
12-07-2021 10:39:10.773 [Gauge] [DEBUG] Api Request Received: messageType:GetStepValueRequest messageId:4 stepValueRequest:<stepText:" Cevab kodu olmal\304\261 " > 
12-07-2021 10:39:10.773 [Gauge] [DEBUG] Sending API response: messageType:GetStepValueResponse messageId:4 stepValueResponse:<stepValue:<stepValue:"Cevab kodu olmal\304\261" parameterizedStepValue:"Cevab kodu olmal\304\261" > > 
12-07-2021 10:39:11.724 [Gauge] [DEBUG] Api Request Received: messageType:GetStepValueRequest messageId:4 stepValueRequest:<stepText:"<response code> Cevab kodu olmal\304\261 " > 
12-07-2021 10:39:11.724 [Gauge] [DEBUG] Sending API response: messageType:GetStepValueResponse messageId:4 stepValueResponse:<stepValue:<stepValue:"{} Cevab kodu olmal\304\261" parameterizedStepValue:"<response code> Cevab kodu olmal\304\261" parameters:"response code" > > 
12-07-2021 10:39:14.343 [Gauge] [DEBUG] Api Request Received: messageType:GetStepValueRequest messageId:4 stepValueRequest:<stepText:"<response code> Cevab kodu olmal\304\261" > 
12-07-2021 10:39:14.343 [Gauge] [DEBUG] Sending API response: messageType:GetStepValueResponse messageId:4 stepValueResponse:<stepValue:<stepValue:"{} Cevab kodu olmal\304\261" parameterizedStepValue:"<response code> Cevab kodu olmal\304\261" parameters:"response code" > > 
12-07-2021 10:39:18.639 [Gauge] [DEBUG] Api Request Received: messageType:GetStepValueRequest messageId:4 stepValueRequest:<stepText:"<response code> evab kodu olmal\304\261" > 
12-07-2021 10:39:18.647 [Gauge] [DEBUG] Sending API response: messageType:GetStepValueResponse messageId:4 stepValueResponse:<stepValue:<stepValue:"{} evab kodu olmal\304\261" parameterizedStepValue:"<response code> evab kodu olmal\304\261" parameters:"response code" > > 
12-07-2021 10:39:20.278 [Gauge] [DEBUG] Api Request Received: messageType:GetStepValueRequest messageId:4 stepValueRequest:<stepText:"<response code> cevab kodu olmal\304\261" > 
12-07-2021 10:39:20.278 [Gauge] [DEBUG] Sending API response: messageType:GetStepValueResponse messageId:4 stepValueResponse:<stepValue:<stepValue:"{} cevab kodu olmal\304\261" parameterizedStepValue:"<response code> cevab kodu olmal\304\261" parameters:"response code" > > 
12-07-2021 10:39:29.236 [Gauge] [DEBUG] Api Request Received: messageType:GetStepValueRequest messageId:4 stepValueRequest:<stepText:"Cevab kodu olmal\304\261" > 
12-07-2021 10:39:29.236 [Gauge] [DEBUG] Sending API response: messageType:GetStepValueResponse messageId:4 stepValueResponse:<stepValue:<stepValue:"Cevab kodu olmal\304\261" parameterizedStepValue:"Cevab kodu olmal\304\261" > > 
12-07-2021 10:39:31.839 [Gauge] [DEBUG] Api Request Received: messageType:GetStepValueRequest messageId:4 stepValueRequest:<stepText:"\"200\" Cevab kodu olmal\304\261" > 
12-07-2021 10:39:31.839 [Gauge] [DEBUG] Sending API response: messageType:GetStepValueResponse messageId:4 stepValueResponse:<stepValue:<stepValue:"{} Cevab kodu olmal\304\261" parameterizedStepValue:"<200> Cevab kodu olmal\304\261" parameters:"200" > > 
12-07-2021 10:39:34.445 [Gauge] [DEBUG] Api Request Received: messageType:GetStepValueRequest messageId:4 stepValueRequest:<stepText:"\"200\" evab kodu olmal\304\261" > 
12-07-2021 10:39:34.445 [Gauge] [DEBUG] Sending API response: messageType:GetStepValueResponse messageId:4 stepValueResponse:<stepValue:<stepValue:"{} evab kodu olmal\304\261" parameterizedStepValue:"<200> evab kodu olmal\304\261" parameters:"200" > > 
12-07-2021 10:39:34.820 [Gauge] [DEBUG] Api Request Received: messageType:GetAllStepsRequest messageId:2 allStepsRequest:<> 
12-07-2021 10:39:34.820 [Gauge] [DEBUG] Sending API response: messageType:GetAllStepResponse messageId:2 allStepsResponse:<allSteps:<stepValue:"kullan\304\261c\304\261 listesindeki ilk ismi getir {}" parameterizedStepValue:"kullan\304\261c\304\261 listesindeki ilk ismi getir <Michael>" parameters:"Michael" > allSteps:<stepValue:"Cevab kodu olmal\304\261 {}" parameterizedStepValue:"Cevab kodu olmal\304\261 <200>" parameters:"200" > > 
12-07-2021 10:39:34.820 [Gauge] [DEBUG] Api Request Received: messageType:GetAllConceptsRequest messageId:6 allConceptsRequest:<> 
12-07-2021 10:39:34.820 [Gauge] [DEBUG] Sending API response: messageType:GetAllConceptsResponse messageId:6 allConceptsResponse:<> 
12-07-2021 10:39:35.727 [Gauge] [DEBUG] Api Request Received: messageType:GetAllStepsRequest messageId:2 allStepsRequest:<> 
12-07-2021 10:39:35.727 [Gauge] [DEBUG] Sending API response: messageType:GetAllStepResponse messageId:2 allStepsResponse:<allSteps:<stepValue:"kullan\304\261c\304\261 listesindeki ilk ismi getir {}" parameterizedStepValue:"kullan\304\261c\304\261 listesindeki ilk ismi getir <Michael>" parameters:"Michael" > allSteps:<stepValue:"Cevab kodu olmal\304\261 {}" parameterizedStepValue:"Cevab kodu olmal\304\261 <200>" parameters:"200" > > 
12-07-2021 10:39:35.727 [Gauge] [DEBUG] Api Request Received: messageType:GetAllConceptsRequest messageId:6 allConceptsRequest:<> 
12-07-2021 10:39:35.727 [Gauge] [DEBUG] Sending API response: messageType:GetAllConceptsResponse messageId:6 allConceptsResponse:<> 
12-07-2021 10:39:38.070 [Gauge] [DEBUG] Api Request Received: messageType:GetStepValueRequest messageId:4 stepValueRequest:<stepText:"<response code> cevab kodu olmal\304\261evab kodu olmal\304\261" > 
12-07-2021 10:39:38.070 [Gauge] [DEBUG] Sending API response: messageType:GetStepValueResponse messageId:4 stepValueResponse:<stepValue:<stepValue:"{} cevab kodu olmal\304\261evab kodu olmal\304\261" parameterizedStepValue:"<response code> cevab kodu olmal\304\261evab kodu olmal\304\261" parameters:"response code" > > 
12-07-2021 10:39:46.604 [Gauge] [DEBUG] Api Request Received: messageType:GetStepValueRequest messageId:4 stepValueRequest:<stepText:"\"<response code>\" cevab kodu olmal\304\261" > 
12-07-2021 10:39:46.604 [Gauge] [DEBUG] Sending API response: messageType:GetStepValueResponse messageId:4 stepValueResponse:<stepValue:<stepValue:"{} cevab kodu olmal\304\261" parameterizedStepValue:"<<response code>> cevab kodu olmal\304\261" parameters:"<response code>" > > 
12-07-2021 10:39:48.360 [Gauge] [DEBUG] Api Request Received: messageType:GetStepValueRequest messageId:4 stepValueRequest:<stepText:"\"2\" cevab kodu olmal\304\261" > 
12-07-2021 10:39:48.360 [Gauge] [DEBUG] Sending API response: messageType:GetStepValueResponse messageId:4 stepValueResponse:<stepValue:<stepValue:"{} cevab kodu olmal\304\261" parameterizedStepValue:"<2> cevab kodu olmal\304\261" parameters:"2" > > 
12-07-2021 10:39:49.675 [Gauge] [DEBUG] Api Request Received: messageType:GetStepValueRequest messageId:4 stepValueRequest:<stepText:"\"20\" cevab kodu olmal\304\261" > 
12-07-2021 10:39:49.675 [Gauge] [DEBUG] Sending API response: messageType:GetStepValueResponse messageId:4 stepValueResponse:<stepValue:<stepValue:"{} cevab kodu olmal\304\261" parameterizedStepValue:"<20> cevab kodu olmal\304\261" parameters:"20" > > 
12-07-2021 10:39:49.813 [Gauge] [DEBUG] Api Request Received: messageType:GetStepValueRequest messageId:4 stepValueRequest:<stepText:"\"200\" cevab kodu olmal\304\261" > 
12-07-2021 10:39:49.813 [Gauge] [DEBUG] Sending API response: messageType:GetStepValueResponse messageId:4 stepValueResponse:<stepValue:<stepValue:"{} cevab kodu olmal\304\261" parameterizedStepValue:"<200> cevab kodu olmal\304\261" parameters:"200" > > 
12-07-2021 10:39:58.680 [Gauge] [DEBUG] Api Request Received: messageType:GetStepValueRequest messageId:4 stepValueRequest:<stepText:"\"Michael\" kullan\304\261c\304\261 listesindeki ismi getir" > 
12-07-2021 10:39:58.680 [Gauge] [DEBUG] Sending API response: messageType:GetStepValueResponse messageId:4 stepValueResponse:<stepValue:<stepValue:"{} kullan\304\261c\304\261 listesindeki ismi getir" parameterizedStepValue:"<Michael> kullan\304\261c\304\261 listesindeki ismi getir" parameters:"Michael" > > 
12-07-2021 10:40:00.777 [Gauge] [DEBUG] Api Request Received: messageType:GetStepValueRequest messageId:4 stepValueRequest:<stepText:"Michael\" kullan\304\261c\304\261 listesindeki ismi getir" > 
12-07-2021 10:40:00.777 [Gauge] [DEBUG] Sending API response: messageType:ErrorResponse messageId:4 error:<error:"String not terminated" > 
12-07-2021 10:40:00.780 [Gauge] [DEBUG] Api Request Received: messageType:GetStepValueRequest messageId:4 stepValueRequest:<stepText:"Michael\" kullan\304\261c\304\261 listesindeki ismi getir" > 
12-07-2021 10:40:00.780 [Gauge] [DEBUG] Sending API response: messageType:ErrorResponse messageId:4 error:<error:"String not terminated" > 
12-07-2021 10:40:00.809 [Gauge] [DEBUG] Api Request Received: messageType:GetStepValueRequest messageId:4 stepValueRequest:<stepText:"Michael\" kullan\304\261c\304\261 listesindeki ismi getir" > 
12-07-2021 10:40:00.809 [Gauge] [DEBUG] Sending API response: messageType:ErrorResponse messageId:4 error:<error:"String not terminated" > 
12-07-2021 10:40:00.809 [Gauge] [DEBUG] Api Request Received: messageType:GetStepValueRequest messageId:4 stepValueRequest:<stepText:"Michael\" kullan\304\261c\304\261 listesindeki ismi getir" > 
12-07-2021 10:40:00.809 [Gauge] [DEBUG] Sending API response: messageType:ErrorResponse messageId:4 error:<error:"String not terminated" > 
12-07-2021 10:40:00.853 [Gauge] [DEBUG] Api Request Received: messageType:GetStepValueRequest messageId:4 stepValueRequest:<stepText:"Michael\" kullan\304\261c\304\261 listesindeki ismi getir" > 
12-07-2021 10:40:00.853 [Gauge] [DEBUG] Sending API response: messageType:ErrorResponse messageId:4 error:<error:"String not terminated" > 
12-07-2021 10:40:00.854 [Gauge] [DEBUG] Api Request Received: messageType:GetStepValueRequest messageId:4 stepValueRequest:<stepText:"Michael\" kullan\304\261c\304\261 listesindeki ismi getir" > 
12-07-2021 10:40:00.854 [Gauge] [DEBUG] Sending API response: messageType:ErrorResponse messageId:4 error:<error:"String not terminated" > 
12-07-2021 10:40:00.878 [Gauge] [DEBUG] Api Request Received: messageType:GetStepValueRequest messageId:4 stepValueRequest:<stepText:"Michael\" kullan\304\261c\304\261 listesindeki ismi getir" > 
12-07-2021 10:40:00.878 [Gauge] [DEBUG] Sending API response: messageType:ErrorResponse messageId:4 error:<error:"String not terminated" > 
12-07-2021 10:40:00.879 [Gauge] [DEBUG] Api Request Received: messageType:GetStepValueRequest messageId:4 stepValueRequest:<stepText:"Michael\" kullan\304\261c\304\261 listesindeki ismi getir" > 
12-07-2021 10:40:00.879 [Gauge] [DEBUG] Sending API response: messageType:ErrorResponse messageId:4 error:<error:"String not terminated" > 
12-07-2021 10:40:01.090 [Gauge] [DEBUG] Api Request Received: messageType:GetStepValueRequest messageId:4 stepValueRequest:<stepText:"Michael\" kullan\304\261c\304\261 listesindeki ismi getir" > 
12-07-2021 10:40:01.090 [Gauge] [DEBUG] Sending API response: messageType:ErrorResponse messageId:4 error:<error:"String not terminated" > 
12-07-2021 10:40:01.091 [Gauge] [DEBUG] Api Request Received: messageType:GetStepValueRequest messageId:4 stepValueRequest:<stepText:"Michael\" kullan\304\261c\304\261 listesindeki ismi getir" > 
12-07-2021 10:40:01.091 [Gauge] [DEBUG] Sending API response: messageType:ErrorResponse messageId:4 error:<error:"String not terminated" > 
12-07-2021 10:40:01.092 [Gauge] [DEBUG] Api Request Received: messageType:GetStepValueRequest messageId:4 stepValueRequest:<stepText:"Michael\" kullan\304\261c\304\261 listesindeki ismi getir" > 
12-07-2021 10:40:01.092 [Gauge] [DEBUG] Sending API response: messageType:ErrorResponse messageId:4 error:<error:"String not terminated" > 
12-07-2021 10:40:01.132 [Gauge] [DEBUG] Api Request Received: messageType:GetStepValueRequest messageId:4 stepValueRequest:<stepText:"Michael\" kullan\304\261c\304\261 listesindeki ismi getir" > 
12-07-2021 10:40:01.132 [Gauge] [DEBUG] Sending API response: messageType:ErrorResponse messageId:4 error:<error:"String not terminated" > 
12-07-2021 10:40:01.132 [Gauge] [DEBUG] Api Request Received: messageType:GetStepValueRequest messageId:4 stepValueRequest:<stepText:"Michael\" kullan\304\261c\304\261 listesindeki ismi getir" > 
12-07-2021 10:40:01.132 [Gauge] [DEBUG] Sending API response: messageType:ErrorResponse messageId:4 error:<error:"String not terminated" > 
12-07-2021 10:40:01.164 [Gauge] [DEBUG] Api Request Received: messageType:GetStepValueRequest messageId:4 stepValueRequest:<stepText:"Michael\" kullan\304\261c\304\261 listesindeki ismi getir" > 
12-07-2021 10:40:01.164 [Gauge] [DEBUG] Sending API response: messageType:ErrorResponse messageId:4 error:<error:"String not terminated" > 
12-07-2021 10:40:01.164 [Gauge] [DEBUG] Api Request Received: messageType:GetStepValueRequest messageId:4 stepValueRequest:<stepText:"Michael\" kullan\304\261c\304\261 listesindeki ismi getir" > 
12-07-2021 10:40:01.164 [Gauge] [DEBUG] Sending API response: messageType:ErrorResponse messageId:4 error:<error:"String not terminated" > 
12-07-2021 10:40:03.179 [Gauge] [DEBUG] Api Request Received: messageType:GetStepValueRequest messageId:4 stepValueRequest:<stepText:"Michael\" kullan\304\261c\304\261 listesindeki ismi getir" > 
12-07-2021 10:40:03.180 [Gauge] [DEBUG] Sending API response: messageType:ErrorResponse messageId:4 error:<error:"String not terminated" > 
12-07-2021 10:40:03.181 [Gauge] [DEBUG] Api Request Received: messageType:GetStepValueRequest messageId:4 stepValueRequest:<stepText:"Michael\" kullan\304\261c\304\261 listesindeki ismi getir" > 
12-07-2021 10:40:03.181 [Gauge] [DEBUG] Sending API response: messageType:ErrorResponse messageId:4 error:<error:"String not terminated" > 
12-07-2021 10:40:03.182 [Gauge] [DEBUG] Api Request Received: messageType:GetStepValueRequest messageId:4 stepValueRequest:<stepText:"Michael\" kullan\304\261c\304\261 listesindeki ismi getir" > 
12-07-2021 10:40:03.182 [Gauge] [DEBUG] Sending API response: messageType:ErrorResponse messageId:4 error:<error:"String not terminated" > 
12-07-2021 10:40:03.225 [Gauge] [DEBUG] Api Request Received: messageType:GetStepValueRequest messageId:4 stepValueRequest:<stepText:"Michael\" kullan\304\261c\304\261 listesindeki ismi getir" > 
12-07-2021 10:40:03.225 [Gauge] [DEBUG] Sending API response: messageType:ErrorResponse messageId:4 error:<error:"String not terminated" > 
12-07-2021 10:40:03.226 [Gauge] [DEBUG] Api Request Received: messageType:GetStepValueRequest messageId:4 stepValueRequest:<stepText:"Michael\" kullan\304\261c\304\261 listesindeki ismi getir" > 
12-07-2021 10:40:03.226 [Gauge] [DEBUG] Sending API response: messageType:ErrorResponse messageId:4 error:<error:"String not terminated" > 
12-07-2021 10:40:03.265 [Gauge] [DEBUG] Api Request Received: messageType:GetStepValueRequest messageId:4 stepValueRequest:<stepText:"Michael\" kullan\304\261c\304\261 listesindeki ismi getir" > 
12-07-2021 10:40:03.265 [Gauge] [DEBUG] Sending API response: messageType:ErrorResponse messageId:4 error:<error:"String not terminated" > 
12-07-2021 10:40:03.266 [Gauge] [DEBUG] Api Request Received: messageType:GetStepValueRequest messageId:4 stepValueRequest:<stepText:"Michael\" kullan\304\261c\304\261 listesindeki ismi getir" > 
12-07-2021 10:40:03.266 [Gauge] [DEBUG] Sending API response: messageType:ErrorResponse messageId:4 error:<error:"String not terminated" > 
12-07-2021 10:40:05.853 [Gauge] [INFO] Spec file added / modified: C:\Users\testinium\IdeaProjects\Example\ExampleProject\TurkishAirlinesMobileAppTest\RestAssuredWithGaugeAPITest\specs\example.spec
12-07-2021 10:40:05.859 [Gauge] [INFO] Spec file added / modified: C:\Users\testinium\IdeaProjects\Example\ExampleProject\TurkishAirlinesMobileAppTest\RestAssuredWithGaugeAPITest\specs\example.spec
12-07-2021 10:50:37.229 [Gauge] [DEBUG] Api Request Received: messageType:GetStepValueRequest messageId:4 stepValueRequest:<stepText:" cevab kodu olmal\304\261" > 
12-07-2021 10:50:37.229 [Gauge] [DEBUG] Sending API response: messageType:GetStepValueResponse messageId:4 stepValueResponse:<stepValue:<stepValue:"cevab kodu olmal\304\261" parameterizedStepValue:"cevab kodu olmal\304\261" > > 
12-07-2021 10:50:39.121 [Gauge] [DEBUG] Api Request Received: messageType:GetStepValueRequest messageId:4 stepValueRequest:<stepText:"cevab kodu olmal\304\261" > 
12-07-2021 10:50:39.121 [Gauge] [DEBUG] Sending API response: messageType:GetStepValueResponse messageId:4 stepValueResponse:<stepValue:<stepValue:"cevab kodu olmal\304\261" parameterizedStepValue:"cevab kodu olmal\304\261" > > 
12-07-2021 10:50:41.411 [Gauge] [DEBUG] Api Request Received: messageType:GetStepValueRequest messageId:4 stepValueRequest:<stepText:"cevab kodu  olmal\304\261" > 
12-07-2021 10:50:41.412 [Gauge] [DEBUG] Sending API response: messageType:GetStepValueResponse messageId:4 stepValueResponse:<stepValue:<stepValue:"cevab kodu  olmal\304\261" parameterizedStepValue:"cevab kodu  olmal\304\261" > > 
12-07-2021 10:50:42.092 [Gauge] [DEBUG] Api Request Received: messageType:GetStepValueRequest messageId:4 stepValueRequest:<stepText:"cevab kodu <response code> olmal\304\261" > 
12-07-2021 10:50:42.092 [Gauge] [DEBUG] Sending API response: messageType:GetStepValueResponse messageId:4 stepValueResponse:<stepValue:<stepValue:"cevab kodu {} olmal\304\261" parameterizedStepValue:"cevab kodu <response code> olmal\304\261" parameters:"response code" > > 
12-07-2021 10:50:55.447 [Gauge] [DEBUG] Api Request Received: messageType:GetStepValueRequest messageId:4 stepValueRequest:<stepText:"cevab kodu \"200\" olmal\304\261" > 
12-07-2021 10:50:55.447 [Gauge] [DEBUG] Sending API response: messageType:GetStepValueResponse messageId:4 stepValueResponse:<stepValue:<stepValue:"cevab kodu {} olmal\304\261" parameterizedStepValue:"cevab kodu <200> olmal\304\261" parameters:"200" > > 
12-07-2021 10:52:17.270 [Gauge] [INFO] Spec file added / modified: C:\Users\testinium\IdeaProjects\Example\ExampleProject\TurkishAirlinesMobileAppTest\RestAssuredWithGaugeAPITest\specs\example.spec
12-07-2021 10:52:17.277 [Gauge] [INFO] Spec file added / modified: C:\Users\testinium\IdeaProjects\Example\ExampleProject\TurkishAirlinesMobileAppTest\RestAssuredWithGaugeAPITest\specs\example.spec
12-07-2021 10:53:47.697 [Gauge] [DEBUG] Api Request Received: messageType:GetStepValueRequest messageId:4 stepValueRequest:<stepText:"<userName> kullan\304\261c\304\261 listesindeki  ismi getir" > 
12-07-2021 10:53:47.698 [Gauge] [DEBUG] Sending API response: messageType:GetStepValueResponse messageId:4 stepValueResponse:<stepValue:<stepValue:"{} kullan\304\261c\304\261 listesindeki  ismi getir" parameterizedStepValue:"<userName> kullan\304\261c\304\261 listesindeki  ismi getir" parameters:"userName" > > 
12-07-2021 10:53:49.562 [Gauge] [DEBUG] Api Request Received: messageType:GetStepValueRequest messageId:4 stepValueRequest:<stepText:"<userName> kullan\304\261c\304\261 listesindeki \304\260LK ismi getir" > 
12-07-2021 10:53:49.562 [Gauge] [DEBUG] Sending API response: messageType:GetStepValueResponse messageId:4 stepValueResponse:<stepValue:<stepValue:"{} kullan\304\261c\304\261 listesindeki \304\260LK ismi getir" parameterizedStepValue:"<userName> kullan\304\261c\304\261 listesindeki \304\260LK ismi getir" parameters:"userName" > > 
12-07-2021 10:53:52.046 [Gauge] [DEBUG] Api Request Received: messageType:GetStepValueRequest messageId:4 stepValueRequest:<stepText:"<userName> kullan\304\261c\304\261 listesindeki ilk ismi getir" > 
12-07-2021 10:53:52.046 [Gauge] [DEBUG] Sending API response: messageType:GetStepValueResponse messageId:4 stepValueResponse:<stepValue:<stepValue:"{} kullan\304\261c\304\261 listesindeki ilk ismi getir" parameterizedStepValue:"<userName> kullan\304\261c\304\261 listesindeki ilk ismi getir" parameters:"userName" > > 
12-07-2021 10:53:55.688 [Gauge] [DEBUG] Api Request Received: messageType:GetStepValueRequest messageId:4 stepValueRequest:<stepText:"<userName> kullan\304\261c\304\261 listesindeki son ismi getir" > 
12-07-2021 10:53:55.688 [Gauge] [DEBUG] Sending API response: messageType:GetStepValueResponse messageId:4 stepValueResponse:<stepValue:<stepValue:"{} kullan\304\261c\304\261 listesindeki son ismi getir" parameterizedStepValue:"<userName> kullan\304\261c\304\261 listesindeki son ismi getir" parameters:"userName" > > 
12-07-2021 10:54:13.896 [Gauge] [DEBUG] Api Request Received: messageType:GetStepValueRequest messageId:4 stepValueRequest:<stepText:"<userName> kullan\304\261c\304\261 listesindekiismi getir" > 
12-07-2021 10:54:13.896 [Gauge] [DEBUG] Sending API response: messageType:GetStepValueResponse messageId:4 stepValueResponse:<stepValue:<stepValue:"{} kullan\304\261c\304\261 listesindekiismi getir" parameterizedStepValue:"<userName> kullan\304\261c\304\261 listesindekiismi getir" parameters:"userName" > > 
12-07-2021 10:54:20.176 [Gauge] [DEBUG] Api Request Received: messageType:GetStepValueRequest messageId:4 stepValueRequest:<stepText:"<userName> kullan\304\261c\304\261 listesindeki  soyismi getir" > 
12-07-2021 10:54:20.179 [Gauge] [DEBUG] Sending API response: messageType:GetStepValueResponse messageId:4 stepValueResponse:<stepValue:<stepValue:"{} kullan\304\261c\304\261 listesindeki  soyismi getir" parameterizedStepValue:"<userName> kullan\304\261c\304\261 listesindeki  soyismi getir" parameters:"userName" > > 
12-07-2021 10:54:22.012 [Gauge] [DEBUG] Api Request Received: messageType:GetStepValueRequest messageId:4 stepValueRequest:<stepText:"<userName> kullan\304\261c\304\261 listesindeki soyismi getir" > 
12-07-2021 10:54:22.012 [Gauge] [DEBUG] Sending API response: messageType:GetStepValueResponse messageId:4 stepValueResponse:<stepValue:<stepValue:"{} kullan\304\261c\304\261 listesindeki soyismi getir" parameterizedStepValue:"<userName> kullan\304\261c\304\261 listesindeki soyismi getir" parameters:"userName" > > 
12-07-2021 10:54:42.236 [Gauge] [DEBUG] Api Request Received: messageType:GetStepValueRequest messageId:4 stepValueRequest:<stepText:"<Name> kullan\304\261c\304\261 listesindeki soyismi getir" > 
12-07-2021 10:54:42.236 [Gauge] [DEBUG] Sending API response: messageType:GetStepValueResponse messageId:4 stepValueResponse:<stepValue:<stepValue:"{} kullan\304\261c\304\261 listesindeki soyismi getir" parameterizedStepValue:"<Name> kullan\304\261c\304\261 listesindeki soyismi getir" parameters:"Name" > > 
12-07-2021 10:54:43.137 [Gauge] [DEBUG] Api Request Received: messageType:GetStepValueRequest messageId:4 stepValueRequest:<stepText:"<lastName> kullan\304\261c\304\261 listesindeki soyismi getir" > 
12-07-2021 10:54:43.137 [Gauge] [DEBUG] Sending API response: messageType:GetStepValueResponse messageId:4 stepValueResponse:<stepValue:<stepValue:"{} kullan\304\261c\304\261 listesindeki soyismi getir" parameterizedStepValue:"<lastName> kullan\304\261c\304\261 listesindeki soyismi getir" parameters:"lastName" > > 
12-07-2021 10:54:48.311 [Gauge] [DEBUG] Api Request Received: messageType:GetStepValueRequest messageId:4 stepValueRequest:<stepText:"<last Name> kullan\304\261c\304\261 listesindeki soyismi getir" > 
12-07-2021 10:54:48.311 [Gauge] [DEBUG] Sending API response: messageType:GetStepValueResponse messageId:4 stepValueResponse:<stepValue:<stepValue:"{} kullan\304\261c\304\261 listesindeki soyismi getir" parameterizedStepValue:"<last Name> kullan\304\261c\304\261 listesindeki soyismi getir" parameters:"last Name" > > 
12-07-2021 10:54:51.870 [Gauge] [DEBUG] Api Request Received: messageType:GetStepValueRequest messageId:4 stepValueRequest:<stepText:"<user Name> kullan\304\261c\304\261 listesindeki ismi getir" > 
12-07-2021 10:54:51.870 [Gauge] [DEBUG] Sending API response: messageType:GetStepValueResponse messageId:4 stepValueResponse:<stepValue:<stepValue:"{} kullan\304\261c\304\261 listesindeki ismi getir" parameterizedStepValue:"<user Name> kullan\304\261c\304\261 listesindeki ismi getir" parameters:"user Name" > > 
12-07-2021 10:55:04.182 [Gauge] [INFO] Spec file added / modified: C:\Users\testinium\IdeaProjects\Example\ExampleProject\TurkishAirlinesMobileAppTest\RestAssuredWithGaugeAPITest\specs\example.spec
12-07-2021 10:55:04.190 [Gauge] [INFO] Spec file added / modified: C:\Users\testinium\IdeaProjects\Example\ExampleProject\TurkishAirlinesMobileAppTest\RestAssuredWithGaugeAPITest\specs\example.spec
12-07-2021 10:55:04.366 [Gauge] [INFO] Spec file added / modified: C:\Users\testinium\IdeaProjects\Example\ExampleProject\TurkishAirlinesMobileAppTest\RestAssuredWithGaugeAPITest\specs\example.spec
12-07-2021 10:55:04.373 [Gauge] [INFO] Spec file added / modified: C:\Users\testinium\IdeaProjects\Example\ExampleProject\TurkishAirlinesMobileAppTest\RestAssuredWithGaugeAPITest\specs\example.spec
12-07-2021 10:55:29.377 [Gauge] [INFO] Spec file added / modified: C:\Users\testinium\IdeaProjects\Example\ExampleProject\TurkishAirlinesMobileAppTest\RestAssuredWithGaugeAPITest\specs\example.spec
12-07-2021 10:55:29.383 [Gauge] [INFO] Spec file added / modified: C:\Users\testinium\IdeaProjects\Example\ExampleProject\TurkishAirlinesMobileAppTest\RestAssuredWithGaugeAPITest\specs\example.spec
12-07-2021 11:01:08.388 [Gauge] [DEBUG] Api Request Received: messageType:GetStepValueRequest messageId:4 stepValueRequest:<stepText:"<user Name> kullan\304\261c\304\261 listesindeki ilk ismi getir" > 
12-07-2021 11:01:08.388 [Gauge] [DEBUG] Sending API response: messageType:GetStepValueResponse messageId:4 stepValueResponse:<stepValue:<stepValue:"{} kullan\304\261c\304\261 listesindeki ilk ismi getir" parameterizedStepValue:"<user Name> kullan\304\261c\304\261 listesindeki ilk ismi getir" parameters:"user Name" > > 
12-07-2021 11:01:10.901 [Gauge] [DEBUG] Api Request Received: messageType:GetStepValueRequest messageId:4 stepValueRequest:<stepText:"<last Name> kullan\304\261c\304\261 listesindeki soismi getir" > 
12-07-2021 11:01:10.901 [Gauge] [DEBUG] Sending API response: messageType:GetStepValueResponse messageId:4 stepValueResponse:<stepValue:<stepValue:"{} kullan\304\261c\304\261 listesindeki soismi getir" parameterizedStepValue:"<last Name> kullan\304\261c\304\261 listesindeki soismi getir" parameters:"last Name" > > 
12-07-2021 11:01:11.773 [Gauge] [DEBUG] Api Request Received: messageType:GetStepValueRequest messageId:4 stepValueRequest:<stepText:"<last Name> kullan\304\261c\304\261 listesindeki son ismi getir" > 
12-07-2021 11:01:11.773 [Gauge] [DEBUG] Sending API response: messageType:GetStepValueResponse messageId:4 stepValueResponse:<stepValue:<stepValue:"{} kullan\304\261c\304\261 listesindeki son ismi getir" parameterizedStepValue:"<last Name> kullan\304\261c\304\261 listesindeki son ismi getir" parameters:"last Name" > > 
12-07-2021 11:01:27.586 [Gauge] [DEBUG] Api Request Received: messageType:GetStepValueRequest messageId:4 stepValueRequest:<stepText:"<first Name> kullan\304\261c\304\261 listesindeki son ismi getir" > 
12-07-2021 11:01:27.586 [Gauge] [DEBUG] Sending API response: messageType:GetStepValueResponse messageId:4 stepValueResponse:<stepValue:<stepValue:"{} kullan\304\261c\304\261 listesindeki son ismi getir" parameterizedStepValue:"<first Name> kullan\304\261c\304\261 listesindeki son ismi getir" parameters:"first Name" > > 
12-07-2021 11:01:53.900 [Gauge] [DEBUG] Api Request Received: messageType:GetStepValueRequest messageId:4 stepValueRequest:<stepText:"\"Michael\" kullan\304\261c\304\261 listesindekii ismi getir" > 
12-07-2021 11:01:53.900 [Gauge] [DEBUG] Sending API response: messageType:GetStepValueResponse messageId:4 stepValueResponse:<stepValue:<stepValue:"{} kullan\304\261c\304\261 listesindekii ismi getir" parameterizedStepValue:"<Michael> kullan\304\261c\304\261 listesindekii ismi getir" parameters:"Michael" > > 
12-07-2021 11:01:53.906 [Gauge] [DEBUG] Api Request Received: messageType:GetAllStepsRequest messageId:2 allStepsRequest:<> 
12-07-2021 11:01:53.907 [Gauge] [DEBUG] Sending API response: messageType:GetAllStepResponse messageId:2 allStepsResponse:<allSteps:<stepValue:"{} kullan\304\261c\304\261 listesindeki ismi getir" parameterizedStepValue:"<Michael> kullan\304\261c\304\261 listesindeki ismi getir" parameters:"Michael" > allSteps:<stepValue:"cevab kodu {} olmal\304\261" parameterizedStepValue:"cevab kodu <200> olmal\304\261" parameters:"200" > > 
12-07-2021 11:01:53.907 [Gauge] [DEBUG] Api Request Received: messageType:GetAllConceptsRequest messageId:6 allConceptsRequest:<> 
12-07-2021 11:01:53.907 [Gauge] [DEBUG] Sending API response: messageType:GetAllConceptsResponse messageId:6 allConceptsResponse:<> 
12-07-2021 11:01:53.908 [Gauge] [DEBUG] Api Request Received: messageType:GetAllStepsRequest messageId:2 allStepsRequest:<> 
12-07-2021 11:01:53.908 [Gauge] [DEBUG] Sending API response: messageType:GetAllStepResponse messageId:2 allStepsResponse:<allSteps:<stepValue:"{} kullan\304\261c\304\261 listesindeki ismi getir" parameterizedStepValue:"<Michael> kullan\304\261c\304\261 listesindeki ismi getir" parameters:"Michael" > allSteps:<stepValue:"cevab kodu {} olmal\304\261" parameterizedStepValue:"cevab kodu <200> olmal\304\261" parameters:"200" > > 
12-07-2021 11:01:53.908 [Gauge] [DEBUG] Api Request Received: messageType:GetAllConceptsRequest messageId:6 allConceptsRequest:<> 
12-07-2021 11:01:53.908 [Gauge] [DEBUG] Sending API response: messageType:GetAllConceptsResponse messageId:6 allConceptsResponse:<> 
12-07-2021 11:01:54.139 [Gauge] [DEBUG] Api Request Received: messageType:GetStepValueRequest messageId:4 stepValueRequest:<stepText:"\"Michael\" kullan\304\261c\304\261 listesindekiil ismi getir" > 
12-07-2021 11:01:54.139 [Gauge] [DEBUG] Sending API response: messageType:GetStepValueResponse messageId:4 stepValueResponse:<stepValue:<stepValue:"{} kullan\304\261c\304\261 listesindekiil ismi getir" parameterizedStepValue:"<Michael> kullan\304\261c\304\261 listesindekiil ismi getir" parameters:"Michael" > > 
12-07-2021 11:01:54.301 [Gauge] [DEBUG] Api Request Received: messageType:GetStepValueRequest messageId:4 stepValueRequest:<stepText:"\"Michael\" kullan\304\261c\304\261 listesindekiilk ismi getir" > 
12-07-2021 11:01:54.302 [Gauge] [DEBUG] Sending API response: messageType:GetStepValueResponse messageId:4 stepValueResponse:<stepValue:<stepValue:"{} kullan\304\261c\304\261 listesindekiilk ismi getir" parameterizedStepValue:"<Michael> kullan\304\261c\304\261 listesindekiilk ismi getir" parameters:"Michael" > > 
12-07-2021 11:01:55.960 [Gauge] [DEBUG] Api Request Received: messageType:GetStepValueRequest messageId:4 stepValueRequest:<stepText:"\"Michael\" kullan\304\261c\304\261 listesindeki ilk ismi getir" > 
12-07-2021 11:01:55.960 [Gauge] [DEBUG] Sending API response: messageType:GetStepValueResponse messageId:4 stepValueResponse:<stepValue:<stepValue:"{} kullan\304\261c\304\261 listesindeki ilk ismi getir" parameterizedStepValue:"<Michael> kullan\304\261c\304\261 listesindeki ilk ismi getir" parameters:"Michael" > > 
12-07-2021 11:01:58.526 [Gauge] [DEBUG] Api Request Received: messageType:GetStepValueRequest messageId:4 stepValueRequest:<stepText:"\"Michael\" kullan\304\261c\304\261 listesindeki  ismi getir" > 
12-07-2021 11:01:58.526 [Gauge] [DEBUG] Sending API response: messageType:GetStepValueResponse messageId:4 stepValueResponse:<stepValue:<stepValue:"{} kullan\304\261c\304\261 listesindeki  ismi getir" parameterizedStepValue:"<Michael> kullan\304\261c\304\261 listesindeki  ismi getir" parameters:"Michael" > > 
12-07-2021 11:01:58.936 [Gauge] [DEBUG] Api Request Received: messageType:GetStepValueRequest messageId:4 stepValueRequest:<stepText:"\"Michael\" kullan\304\261c\304\261 listesindeki s ismi getir" > 
12-07-2021 11:01:58.936 [Gauge] [DEBUG] Sending API response: messageType:GetStepValueResponse messageId:4 stepValueResponse:<stepValue:<stepValue:"{} kullan\304\261c\304\261 listesindeki s ismi getir" parameterizedStepValue:"<Michael> kullan\304\261c\304\261 listesindeki s ismi getir" parameters:"Michael" > > 
12-07-2021 11:01:58.939 [Gauge] [DEBUG] Api Request Received: messageType:GetAllStepsRequest messageId:2 allStepsRequest:<> 
12-07-2021 11:01:58.939 [Gauge] [DEBUG] Sending API response: messageType:GetAllStepResponse messageId:2 allStepsResponse:<allSteps:<stepValue:"{} kullan\304\261c\304\261 listesindeki ismi getir" parameterizedStepValue:"<Michael> kullan\304\261c\304\261 listesindeki ismi getir" parameters:"Michael" > allSteps:<stepValue:"cevab kodu {} olmal\304\261" parameterizedStepValue:"cevab kodu <200> olmal\304\261" parameters:"200" > > 
12-07-2021 11:01:58.939 [Gauge] [DEBUG] Api Request Received: messageType:GetAllConceptsRequest messageId:6 allConceptsRequest:<> 
12-07-2021 11:01:58.939 [Gauge] [DEBUG] Sending API response: messageType:GetAllConceptsResponse messageId:6 allConceptsResponse:<> 
12-07-2021 11:01:59.271 [Gauge] [DEBUG] Api Request Received: messageType:GetStepValueRequest messageId:4 stepValueRequest:<stepText:"\"Michael\" kullan\304\261c\304\261 listesindeki so ismi getir" > 
12-07-2021 11:01:59.271 [Gauge] [DEBUG] Sending API response: messageType:GetStepValueResponse messageId:4 stepValueResponse:<stepValue:<stepValue:"{} kullan\304\261c\304\261 listesindeki so ismi getir" parameterizedStepValue:"<Michael> kullan\304\261c\304\261 listesindeki so ismi getir" parameters:"Michael" > > 
12-07-2021 11:01:59.470 [Gauge] [DEBUG] Api Request Received: messageType:GetStepValueRequest messageId:4 stepValueRequest:<stepText:"\"Michael\" kullan\304\261c\304\261 listesindeki son ismi getir" > 
12-07-2021 11:01:59.470 [Gauge] [DEBUG] Sending API response: messageType:GetStepValueResponse messageId:4 stepValueResponse:<stepValue:<stepValue:"{} kullan\304\261c\304\261 listesindeki son ismi getir" parameterizedStepValue:"<Michael> kullan\304\261c\304\261 listesindeki son ismi getir" parameters:"Michael" > > 
12-07-2021 11:02:05.363 [Gauge] [INFO] Spec file added / modified: C:\Users\testinium\IdeaProjects\Example\ExampleProject\TurkishAirlinesMobileAppTest\RestAssuredWithGaugeAPITest\specs\example.spec
12-07-2021 11:02:05.369 [Gauge] [INFO] Spec file added / modified: C:\Users\testinium\IdeaProjects\Example\ExampleProject\TurkishAirlinesMobileAppTest\RestAssuredWithGaugeAPITest\specs\example.spec
12-07-2021 11:02:20.684 [Gauge] [DEBUG] Api Request Received: messageType:GetStepValueRequest messageId:4 stepValueRequest:<stepText:"\"Rachel\" kullan\304\261c\304\261 listesindeki son ismi getir" > 
12-07-2021 11:02:20.684 [Gauge] [DEBUG] Sending API response: messageType:GetStepValueResponse messageId:4 stepValueResponse:<stepValue:<stepValue:"{} kullan\304\261c\304\261 listesindeki son ismi getir" parameterizedStepValue:"<Rachel> kullan\304\261c\304\261 listesindeki son ismi getir" parameters:"Rachel" > > 
12-07-2021 11:04:42.589 [Gauge] [INFO] Spec file added / modified: C:\Users\testinium\IdeaProjects\Example\ExampleProject\TurkishAirlinesMobileAppTest\RestAssuredWithGaugeAPITest\specs\example.spec
12-07-2021 11:04:42.596 [Gauge] [INFO] Spec file added / modified: C:\Users\testinium\IdeaProjects\Example\ExampleProject\TurkishAirlinesMobileAppTest\RestAssuredWithGaugeAPITest\specs\example.spec
12-07-2021 11:15:04.302 [Gauge] [DEBUG] Api Request Received: messageType:GetStepValueRequest messageId:4 stepValueRequest:<stepText:"\"G\" kullan\304\261c\304\261 listesindeki son ismi getir" > 
12-07-2021 11:15:04.302 [Gauge] [DEBUG] Sending API response: messageType:GetStepValueResponse messageId:4 stepValueResponse:<stepValue:<stepValue:"{} kullan\304\261c\304\261 listesindeki son ismi getir" parameterizedStepValue:"<G> kullan\304\261c\304\261 listesindeki son ismi getir" parameters:"G" > > 
12-07-2021 11:15:04.636 [Gauge] [DEBUG] Api Request Received: messageType:GetStepValueRequest messageId:4 stepValueRequest:<stepText:"\"Ge\" kullan\304\261c\304\261 listesindeki son ismi getir" > 
12-07-2021 11:15:04.637 [Gauge] [DEBUG] Sending API response: messageType:GetStepValueResponse messageId:4 stepValueResponse:<stepValue:<stepValue:"{} kullan\304\261c\304\261 listesindeki son ismi getir" parameterizedStepValue:"<Ge> kullan\304\261c\304\261 listesindeki son ismi getir" parameters:"Ge" > > 
12-07-2021 11:15:04.915 [Gauge] [DEBUG] Api Request Received: messageType:GetStepValueRequest messageId:4 stepValueRequest:<stepText:"\"Geo\" kullan\304\261c\304\261 listesindeki son ismi getir" > 
12-07-2021 11:15:04.915 [Gauge] [DEBUG] Sending API response: messageType:GetStepValueResponse messageId:4 stepValueResponse:<stepValue:<stepValue:"{} kullan\304\261c\304\261 listesindeki son ismi getir" parameterizedStepValue:"<Geo> kullan\304\261c\304\261 listesindeki son ismi getir" parameters:"Geo" > > 
12-07-2021 11:15:05.487 [Gauge] [DEBUG] Api Request Received: messageType:GetStepValueRequest messageId:4 stepValueRequest:<stepText:"\"Geor\" kullan\304\261c\304\261 listesindeki son ismi getir" > 
12-07-2021 11:15:05.487 [Gauge] [DEBUG] Sending API response: messageType:GetStepValueResponse messageId:4 stepValueResponse:<stepValue:<stepValue:"{} kullan\304\261c\304\261 listesindeki son ismi getir" parameterizedStepValue:"<Geor> kullan\304\261c\304\261 listesindeki son ismi getir" parameters:"Geor" > > 
12-07-2021 11:15:05.821 [Gauge] [DEBUG] Api Request Received: messageType:GetStepValueRequest messageId:4 stepValueRequest:<stepText:"\"Georg\" kullan\304\261c\304\261 listesindeki son ismi getir" > 
12-07-2021 11:15:05.822 [Gauge] [DEBUG] Sending API response: messageType:GetStepValueResponse messageId:4 stepValueResponse:<stepValue:<stepValue:"{} kullan\304\261c\304\261 listesindeki son ismi getir" parameterizedStepValue:"<Georg> kullan\304\261c\304\261 listesindeki son ismi getir" parameters:"Georg" > > 
12-07-2021 11:15:05.986 [Gauge] [DEBUG] Api Request Received: messageType:GetStepValueRequest messageId:4 stepValueRequest:<stepText:"\"George\" kullan\304\261c\304\261 listesindeki son ismi getir" > 
12-07-2021 11:15:05.986 [Gauge] [DEBUG] Sending API response: messageType:GetStepValueResponse messageId:4 stepValueResponse:<stepValue:<stepValue:"{} kullan\304\261c\304\261 listesindeki son ismi getir" parameterizedStepValue:"<George> kullan\304\261c\304\261 listesindeki son ismi getir" parameters:"George" > > 
12-07-2021 11:15:07.376 [Gauge] [INFO] Spec file added / modified: C:\Users\testinium\IdeaProjects\Example\ExampleProject\TurkishAirlinesMobileAppTest\RestAssuredWithGaugeAPITest\specs\example.spec
12-07-2021 11:15:07.383 [Gauge] [INFO] Spec file added / modified: C:\Users\testinium\IdeaProjects\Example\ExampleProject\TurkishAirlinesMobileAppTest\RestAssuredWithGaugeAPITest\specs\example.spec
12-07-2021 11:15:23.601 [Gauge] [DEBUG] Api Request Received: messageType:GetStepValueRequest messageId:4 stepValueRequest:<stepText:"\"R\" kullan\304\261c\304\261 listesindeki son ismi getir" > 
12-07-2021 11:15:23.601 [Gauge] [DEBUG] Sending API response: messageType:GetStepValueResponse messageId:4 stepValueResponse:<stepValue:<stepValue:"{} kullan\304\261c\304\261 listesindeki son ismi getir" parameterizedStepValue:"<R> kullan\304\261c\304\261 listesindeki son ismi getir" parameters:"R" > > 
12-07-2021 11:15:23.995 [Gauge] [DEBUG] Api Request Received: messageType:GetStepValueRequest messageId:4 stepValueRequest:<stepText:"\"Ra\" kullan\304\261c\304\261 listesindeki son ismi getir" > 
12-07-2021 11:15:23.996 [Gauge] [DEBUG] Sending API response: messageType:GetStepValueResponse messageId:4 stepValueResponse:<stepValue:<stepValue:"{} kullan\304\261c\304\261 listesindeki son ismi getir" parameterizedStepValue:"<Ra> kullan\304\261c\304\261 listesindeki son ismi getir" parameters:"Ra" > > 
12-07-2021 11:15:24.256 [Gauge] [DEBUG] Api Request Received: messageType:GetStepValueRequest messageId:4 stepValueRequest:<stepText:"\"Rac\" kullan\304\261c\304\261 listesindeki son ismi getir" > 
12-07-2021 11:15:24.256 [Gauge] [DEBUG] Sending API response: messageType:GetStepValueResponse messageId:4 stepValueResponse:<stepValue:<stepValue:"{} kullan\304\261c\304\261 listesindeki son ismi getir" parameterizedStepValue:"<Rac> kullan\304\261c\304\261 listesindeki son ismi getir" parameters:"Rac" > > 
12-07-2021 11:15:24.708 [Gauge] [DEBUG] Api Request Received: messageType:GetStepValueRequest messageId:4 stepValueRequest:<stepText:"\"Rach\" kullan\304\261c\304\261 listesindeki son ismi getir" > 
12-07-2021 11:15:24.708 [Gauge] [DEBUG] Sending API response: messageType:GetStepValueResponse messageId:4 stepValueResponse:<stepValue:<stepValue:"{} kullan\304\261c\304\261 listesindeki son ismi getir" parameterizedStepValue:"<Rach> kullan\304\261c\304\261 listesindeki son ismi getir" parameters:"Rach" > > 
12-07-2021 11:15:24.822 [Gauge] [DEBUG] Api Request Received: messageType:GetStepValueRequest messageId:4 stepValueRequest:<stepText:"\"Rache\" kullan\304\261c\304\261 listesindeki son ismi getir" > 
12-07-2021 11:15:24.822 [Gauge] [DEBUG] Sending API response: messageType:GetStepValueResponse messageId:4 stepValueResponse:<stepValue:<stepValue:"{} kullan\304\261c\304\261 listesindeki son ismi getir" parameterizedStepValue:"<Rache> kullan\304\261c\304\261 listesindeki son ismi getir" parameters:"Rache" > > 
12-07-2021 11:16:20.896 [Gauge] [INFO] Spec file added / modified: C:\Users\testinium\IdeaProjects\Example\ExampleProject\TurkishAirlinesMobileAppTest\RestAssuredWithGaugeAPITest\specs\example.spec
12-07-2021 11:16:20.897 [Gauge] [INFO] Spec file added / modified: C:\Users\testinium\IdeaProjects\Example\ExampleProject\TurkishAirlinesMobileAppTest\RestAssuredWithGaugeAPITest\specs\example.spec
12-07-2021 11:42:48.540 [Gauge] [DEBUG] Api Request Received: messageType:GetStepValueRequest messageId:4 stepValueRequest:<stepText:"<table> b\303\274t\303\274n kullan\304\261c\304\261 isimlerini \303\247\304\261kar" > 
12-07-2021 11:42:48.540 [Gauge] [DEBUG] Sending API response: messageType:GetStepValueResponse messageId:4 stepValueResponse:<stepValue:<stepValue:"{} b\303\274t\303\274n kullan\304\261c\304\261 isimlerini \303\247\304\261kar" parameterizedStepValue:"<table> b\303\274t\303\274n kullan\304\261c\304\261 isimlerini \303\247\304\261kar" parameters:"table" > > 
12-07-2021 11:46:27.576 [Gauge] [INFO] Spec file added / modified: C:\Users\testinium\IdeaProjects\Example\ExampleProject\TurkishAirlinesMobileAppTest\RestAssuredWithGaugeAPITest\specs\example.spec
12-07-2021 11:46:27.585 [Gauge] [INFO] Spec file added / modified: C:\Users\testinium\IdeaProjects\Example\ExampleProject\TurkishAirlinesMobileAppTest\RestAssuredWithGaugeAPITest\specs\example.spec
12-07-2021 11:46:27.716 [Gauge] [INFO] Spec file added / modified: C:\Users\testinium\IdeaProjects\Example\ExampleProject\TurkishAirlinesMobileAppTest\RestAssuredWithGaugeAPITest\specs\example.spec
12-07-2021 11:46:27.724 [Gauge] [INFO] Spec file added / modified: C:\Users\testinium\IdeaProjects\Example\ExampleProject\TurkishAirlinesMobileAppTest\RestAssuredWithGaugeAPITest\specs\example.spec
12-07-2021 11:46:39.263 [Gauge] [INFO] Spec file added / modified: C:\Users\testinium\IdeaProjects\Example\ExampleProject\TurkishAirlinesMobileAppTest\RestAssuredWithGaugeAPITest\specs\example.spec
12-07-2021 11:46:39.271 [Gauge] [INFO] Spec file added / modified: C:\Users\testinium\IdeaProjects\Example\ExampleProject\TurkishAirlinesMobileAppTest\RestAssuredWithGaugeAPITest\specs\example.spec
12-07-2021 11:46:44.065 [Gauge] [DEBUG] Api Request Received: messageType:GetAllStepsRequest messageId:2 allStepsRequest:<> 
12-07-2021 11:46:44.065 [Gauge] [DEBUG] Sending API response: messageType:GetAllStepResponse messageId:2 allStepsResponse:<allSteps:<stepValue:"{} kullan\304\261c\304\261 listesindeki ilk ismi getir" parameterizedStepValue:"<Michael> kullan\304\261c\304\261 listesindeki ilk ismi getir" parameters:"Michael" > allSteps:<stepValue:"cevab kodu {} olmal\304\261" parameterizedStepValue:"cevab kodu <200> olmal\304\261" parameters:"200" > allSteps:<stepValue:"{} kullan\304\261c\304\261 listesindeki son ismi getir" parameterizedStepValue:"<Rachel> kullan\304\261c\304\261 listesindeki son ismi getir" parameters:"Rachel" > > 
12-07-2021 11:46:44.066 [Gauge] [DEBUG] Api Request Received: messageType:GetAllConceptsRequest messageId:6 allConceptsRequest:<> 
12-07-2021 11:46:44.066 [Gauge] [DEBUG] Sending API response: messageType:GetAllConceptsResponse messageId:6 allConceptsResponse:<> 
12-07-2021 11:46:59.879 [Gauge] [DEBUG] Api Request Received: messageType:GetStepValueRequest messageId:4 stepValueRequest:<stepText:"b\303\274t\303\274n kullan\304\261c\304\261 isimlerini \303\247\304\261kar" > 
12-07-2021 11:46:59.886 [Gauge] [DEBUG] Sending API response: messageType:GetStepValueResponse messageId:4 stepValueResponse:<stepValue:<stepValue:"b\303\274t\303\274n kullan\304\261c\304\261 isimlerini \303\247\304\261kar" parameterizedStepValue:"b\303\274t\303\274n kullan\304\261c\304\261 isimlerini \303\247\304\261kar" > > 
12-07-2021 11:47:02.521 [Gauge] [DEBUG] Api Request Received: messageType:GetStepValueRequest messageId:4 stepValueRequest:<stepText:"b\303\274t\303\274n kullan\304\261c\304\261 isimlerini \303\247\304\261kar " > 
12-07-2021 11:47:02.521 [Gauge] [DEBUG] Sending API response: messageType:GetStepValueResponse messageId:4 stepValueResponse:<stepValue:<stepValue:"b\303\274t\303\274n kullan\304\261c\304\261 isimlerini \303\247\304\261kar" parameterizedStepValue:"b\303\274t\303\274n kullan\304\261c\304\261 isimlerini \303\247\304\261kar" > > 
12-07-2021 11:47:03.111 [Gauge] [DEBUG] Api Request Received: messageType:GetStepValueRequest messageId:4 stepValueRequest:<stepText:"b\303\274t\303\274n kullan\304\261c\304\261 isimlerini \303\247\304\261kar <table> " > 
12-07-2021 11:47:03.111 [Gauge] [DEBUG] Sending API response: messageType:GetStepValueResponse messageId:4 stepValueResponse:<stepValue:<stepValue:"b\303\274t\303\274n kullan\304\261c\304\261 isimlerini \303\247\304\261kar {}" parameterizedStepValue:"b\303\274t\303\274n kullan\304\261c\304\261 isimlerini \303\247\304\261kar <table>" parameters:"table" > > 
12-07-2021 11:47:04.209 [Gauge] [DEBUG] Api Request Received: messageType:GetStepValueRequest messageId:4 stepValueRequest:<stepText:"b\303\274t\303\274n kullan\304\261c\304\261 isimlerini \303\247\304\261kar <table>" > 
12-07-2021 11:47:04.209 [Gauge] [DEBUG] Sending API response: messageType:GetStepValueResponse messageId:4 stepValueResponse:<stepValue:<stepValue:"b\303\274t\303\274n kullan\304\261c\304\261 isimlerini \303\247\304\261kar {}" parameterizedStepValue:"b\303\274t\303\274n kullan\304\261c\304\261 isimlerini \303\247\304\261kar <table>" parameters:"table" > > 
12-07-2021 11:47:22.978 [Gauge] [INFO] Spec file added / modified: C:\Users\testinium\IdeaProjects\Example\ExampleProject\TurkishAirlinesMobileAppTest\RestAssuredWithGaugeAPITest\specs\example.spec
12-07-2021 11:47:22.986 [Gauge] [INFO] Spec file added / modified: C:\Users\testinium\IdeaProjects\Example\ExampleProject\TurkishAirlinesMobileAppTest\RestAssuredWithGaugeAPITest\specs\example.spec
12-07-2021 11:47:23.144 [Gauge] [INFO] Spec file added / modified: C:\Users\testinium\IdeaProjects\Example\ExampleProject\TurkishAirlinesMobileAppTest\RestAssuredWithGaugeAPITest\specs\example.spec
12-07-2021 11:47:23.153 [Gauge] [INFO] Spec file added / modified: C:\Users\testinium\IdeaProjects\Example\ExampleProject\TurkishAirlinesMobileAppTest\RestAssuredWithGaugeAPITest\specs\example.spec
12-07-2021 11:49:00.728 [Gauge] [INFO] Spec file added / modified: C:\Users\testinium\IdeaProjects\Example\ExampleProject\TurkishAirlinesMobileAppTest\RestAssuredWithGaugeAPITest\specs\example.spec
12-07-2021 11:49:00.736 [Gauge] [INFO] Spec file added / modified: C:\Users\testinium\IdeaProjects\Example\ExampleProject\TurkishAirlinesMobileAppTest\RestAssuredWithGaugeAPITest\specs\example.spec
12-07-2021 11:50:03.132 [Gauge] [INFO] Spec file added / modified: C:\Users\testinium\IdeaProjects\Example\ExampleProject\TurkishAirlinesMobileAppTest\RestAssuredWithGaugeAPITest\specs\example.spec
12-07-2021 11:50:03.138 [Gauge] [INFO] Spec file added / modified: C:\Users\testinium\IdeaProjects\Example\ExampleProject\TurkishAirlinesMobileAppTest\RestAssuredWithGaugeAPITest\specs\example.spec
12-07-2021 11:50:15.746 [Gauge] [INFO] Spec file added / modified: C:\Users\testinium\IdeaProjects\Example\ExampleProject\TurkishAirlinesMobileAppTest\RestAssuredWithGaugeAPITest\specs\example.spec
12-07-2021 11:50:15.749 [Gauge] [INFO] Spec file added / modified: C:\Users\testinium\IdeaProjects\Example\ExampleProject\TurkishAirlinesMobileAppTest\RestAssuredWithGaugeAPITest\specs\example.spec
12-07-2021 11:54:07.963 [Gauge] [INFO] Spec file added / modified: C:\Users\testinium\IdeaProjects\Example\ExampleProject\TurkishAirlinesMobileAppTest\RestAssuredWithGaugeAPITest\specs\example.spec
12-07-2021 11:54:07.965 [Gauge] [INFO] Spec file added / modified: C:\Users\testinium\IdeaProjects\Example\ExampleProject\TurkishAirlinesMobileAppTest\RestAssuredWithGaugeAPITest\specs\example.spec
